<?xml version='1.0' encoding='UTF-8'?>
<dataset>
    <mn_system id="1" data_key='languageCode' data_value='en' created_at="{currentMillis}" modified_at="{currentMillis}" />
    <mn_system id="2" data_key='templateCode' data_value='common' created_at="{currentMillis}" modified_at="{currentMillis}" />
    <mn_system id="3" data_key='image' data_value='sample.png' created_at="{currentMillis}" modified_at="{currentMillis}" />
    <mn_system id="4" data_key='online' data_value='n' created_at="{currentMillis}" modified_at="{currentMillis}" />
</dataset>