<?xml version='1.0' encoding='UTF-8'?>
<dataset>
    
    <mn_user_group 
        name="Administrator" 
        lower_name="administrator" 
        active="y" 
        created_at="{currentMillis}" 
        modified_at="{currentMillis}" />
    <mn_user_group 
        name="User" 
        lower_name="user" 
        active="y" 
        created_at="{currentMillis}" 
        modified_at="{currentMillis}" />
    
    <mn_user_group_menu_permission user_group_id="1" menu_code="menu.settings" view="y" modify="y" created_at="{currentMillis}" modified_at="{currentMillis}" />
    <mn_user_group_menu_permission user_group_id="1" menu_code="menu.settings.system" view="y" modify="y" created_at="{currentMillis}" modified_at="{currentMillis}" />
    <mn_user_group_menu_permission user_group_id="1" menu_code="menu.settings.user" view="y" modify="y" created_at="{currentMillis}" modified_at="{currentMillis}" />
    <mn_user_group_menu_permission user_group_id="1" menu_code="menu.settings.usergroup" view="y" modify="y" created_at="{currentMillis}" modified_at="{currentMillis}" />
    <mn_user_group_menu_permission user_group_id="2" menu_code="menu.settings" view="n" modify="n" created_at="{currentMillis}" modified_at="{currentMillis}" />
    <mn_user_group_menu_permission user_group_id="2" menu_code="menu.settings.system" view="n" modify="n" created_at="{currentMillis}" modified_at="{currentMillis}" />
    <mn_user_group_menu_permission user_group_id="2" menu_code="menu.settings.user" view="n" modify="n" created_at="{currentMillis}" modified_at="{currentMillis}" />
    <mn_user_group_menu_permission user_group_id="2" menu_code="menu.settings.usergroup" view="n" modify="n" created_at="{currentMillis}" modified_at="{currentMillis}" />
    
</dataset>