<?xml version='1.0' encoding='UTF-8'?>
<dataset>
    <mn_system key='languageCode' value='en' created_at="{currentMillis}" modified_at="{currentMillis}" />
    <mn_system key='templateCode' value='common' created_at="{currentMillis}" modified_at="{currentMillis}" />
    <mn_system key='image' value='sample.png' created_at="{currentMillis}" modified_at="{currentMillis}" />
    <mn_system key='online' value='n' created_at="{currentMillis}" modified_at="{currentMillis}" />
</dataset>