<?xml version='1.0' encoding='UTF-8'?>
<dataset>
    
    <mn_user_group id="1"
        name="Administrator" 
        lower_name="administrator" 
        active="y" 
        created_at="{currentMillis}" 
        modified_at="{currentMillis}" />
    <mn_user_group id="2" 
        name="User" 
        lower_name="user" 
        active="y" 
        created_at="{currentMillis}" 
        modified_at="{currentMillis}" />
    <mn_user_group id="3" 
        name="Marketing" 
        lower_name="marketing" 
        active="y" 
        created_at="{currentMillis}" 
        modified_at="{currentMillis}" />

</dataset>